This file contains any messages produced by compilers while
running configure, to aid debugging if configure makes a mistake.

It was created by libaec configure 1.0.2, which was
generated by GNU Autoconf 2.69.  Invocation command line was

  $ ./configure --disable-shared --prefix=/gpfsm/dnb55/jajung/ncep_gdas-intel-18.0.2.199/util/sorc/wgrib2.cd/grib2

## --------- ##
## Platform. ##
## --------- ##

hostname = discover15
uname -m = x86_64
uname -r = 3.0.101-0.47.105-default
uname -s = Linux
uname -v = #1 SMP Thu Jun 22 17:13:58 UTC 2017 (e1c7e3b)

/usr/bin/uname -p = unknown
/bin/uname -X     = unknown

/bin/arch              = x86_64
/usr/bin/arch -k       = unknown
/usr/convex/getsysinfo = unknown
/usr/bin/hostinfo      = unknown
/bin/machine           = unknown
/usr/bin/oslevel       = unknown
/bin/universe          = unknown

PATH: /usr/local/intel/2018/compilers_and_libraries_2018.2.199/linux/mpi/bin64
PATH: /usr/local/intel/2018/compilers_and_libraries_2018.2.199/linux/bin/intel64
PATH: /usr/local/intel/2018/compilers_and_libraries_2018.2.199/linux/bin/intel64_mic
PATH: /usr/local/intel/2018/debugger_2018/gdb/intel64/bin
PATH: /usr/local/intel/2018/debugger_2018/gdb/intel64_mic/bin
PATH: /usr/local/bin
PATH: /usr/bin
PATH: /bin
PATH: /usr/bin/X11
PATH: /usr/X11R6/bin
PATH: /usr/games
PATH: /opt/kde3/bin
PATH: /opt/ibutils/bin
PATH: /usr/lib/mit/bin
PATH: /usr/lib/mit/sbin
PATH: /usr/slurm/bin
PATH: /usr/local/other/SLES11.3/netcdf4/4.3.2/intel-14.0.3.174-shared/lib
PATH: /usr/local/other/SLES11.1/grads/2.1.a2-2/gcc-4.3.4/bin
PATH: .


## ----------- ##
## Core tests. ##
## ----------- ##

configure:2423: checking build system type
configure:2437: result: x86_64-pc-linux-gnu
configure:2457: checking host system type
configure:2470: result: x86_64-pc-linux-gnu
configure:2511: checking how to print strings
configure:2538: result: printf
configure:2610: checking for gcc
configure:2637: result: gcc
configure:2866: checking for C compiler version
configure:2875: gcc --version >&5
gcc (SUSE Linux) 4.3.4 [gcc-4_3-branch revision 152973]
Copyright (C) 2008 Free Software Foundation, Inc.
This is free software; see the source for copying conditions.  There is NO
warranty; not even for MERCHANTABILITY or FITNESS FOR A PARTICULAR PURPOSE.

configure:2886: $? = 0
configure:2875: gcc -v >&5
Using built-in specs.
Target: x86_64-suse-linux
Configured with: ../configure --prefix=/usr --infodir=/usr/share/info --mandir=/usr/share/man --libdir=/usr/lib64 --libexecdir=/usr/lib64 --enable-languages=c,c++,objc,fortran,obj-c++,java,ada --enable-checking=release --with-gxx-include-dir=/usr/include/c++/4.3 --enable-ssp --disable-libssp --with-bugurl=http://bugs.opensuse.org/ --with-pkgversion='SUSE Linux' --disable-libgcj --disable-libmudflap --with-slibdir=/lib64 --with-system-zlib --enable-__cxa_atexit --enable-libstdcxx-allocator=new --disable-libstdcxx-pch --enable-version-specific-runtime-libs --program-suffix=-4.3 --enable-linux-futex --without-system-libunwind --with-cpu=generic --build=x86_64-suse-linux
Thread model: posix
gcc version 4.3.4 [gcc-4_3-branch revision 152973] (SUSE Linux) 
configure:2886: $? = 0
configure:2875: gcc -V >&5
gcc: '-V' option must have argument
configure:2886: $? = 1
configure:2875: gcc -qversion >&5
gcc: unrecognized option '-qversion'
gcc: no input files
configure:2886: $? = 1
configure:2906: checking whether the C compiler works
configure:2928: gcc -I/gpfsm/dnb55/jajung/ncep_gdas-intel-18.0.2.199/util/sorc/wgrib2.cd/grib2/include -Wall -Wmissing-prototypes -Wold-style-definition -Werror=format-security --fast-math -O3 -DGFORTRAN -fopenmp -I/gpfsm/dnb55/jajung/ncep_gdas-intel-18.0.2.199/util/sorc/wgrib2.cd/grib2/jasper-1.900.1/src/libjasper/include -I/usr/include    conftest.c  >&5
conftest.c: In function 'main':
conftest.c:12: warning: old-style function definition
configure:2932: $? = 0
configure:2980: result: yes
configure:2983: checking for C compiler default output file name
configure:2985: result: a.out
configure:2991: checking for suffix of executables
configure:2998: gcc -o conftest -I/gpfsm/dnb55/jajung/ncep_gdas-intel-18.0.2.199/util/sorc/wgrib2.cd/grib2/include -Wall -Wmissing-prototypes -Wold-style-definition -Werror=format-security --fast-math -O3 -DGFORTRAN -fopenmp -I/gpfsm/dnb55/jajung/ncep_gdas-intel-18.0.2.199/util/sorc/wgrib2.cd/grib2/jasper-1.900.1/src/libjasper/include -I/usr/include    conftest.c  >&5
conftest.c: In function 'main':
conftest.c:12: warning: old-style function definition
configure:3002: $? = 0
configure:3024: result: 
configure:3046: checking whether we are cross compiling
configure:3054: gcc -o conftest -I/gpfsm/dnb55/jajung/ncep_gdas-intel-18.0.2.199/util/sorc/wgrib2.cd/grib2/include -Wall -Wmissing-prototypes -Wold-style-definition -Werror=format-security --fast-math -O3 -DGFORTRAN -fopenmp -I/gpfsm/dnb55/jajung/ncep_gdas-intel-18.0.2.199/util/sorc/wgrib2.cd/grib2/jasper-1.900.1/src/libjasper/include -I/usr/include    conftest.c  >&5
conftest.c: In function 'main':
conftest.c:12: warning: old-style function definition
configure:3058: $? = 0
configure:3065: ./conftest
configure:3069: $? = 0
configure:3084: result: no
configure:3089: checking for suffix of object files
configure:3111: gcc -c -I/gpfsm/dnb55/jajung/ncep_gdas-intel-18.0.2.199/util/sorc/wgrib2.cd/grib2/include -Wall -Wmissing-prototypes -Wold-style-definition -Werror=format-security --fast-math -O3 -DGFORTRAN -fopenmp -I/gpfsm/dnb55/jajung/ncep_gdas-intel-18.0.2.199/util/sorc/wgrib2.cd/grib2/jasper-1.900.1/src/libjasper/include -I/usr/include   conftest.c >&5
conftest.c: In function 'main':
conftest.c:12: warning: old-style function definition
configure:3115: $? = 0
configure:3136: result: o
configure:3140: checking whether we are using the GNU C compiler
configure:3159: gcc -c -I/gpfsm/dnb55/jajung/ncep_gdas-intel-18.0.2.199/util/sorc/wgrib2.cd/grib2/include -Wall -Wmissing-prototypes -Wold-style-definition -Werror=format-security --fast-math -O3 -DGFORTRAN -fopenmp -I/gpfsm/dnb55/jajung/ncep_gdas-intel-18.0.2.199/util/sorc/wgrib2.cd/grib2/jasper-1.900.1/src/libjasper/include -I/usr/include   conftest.c >&5
conftest.c: In function 'main':
conftest.c:12: warning: old-style function definition
configure:3159: $? = 0
configure:3168: result: yes
configure:3177: checking whether gcc accepts -g
configure:3197: gcc -c -g  conftest.c >&5
configure:3197: $? = 0
configure:3238: result: yes
configure:3255: checking for gcc option to accept ISO C89
configure:3318: gcc  -c -I/gpfsm/dnb55/jajung/ncep_gdas-intel-18.0.2.199/util/sorc/wgrib2.cd/grib2/include -Wall -Wmissing-prototypes -Wold-style-definition -Werror=format-security --fast-math -O3 -DGFORTRAN -fopenmp -I/gpfsm/dnb55/jajung/ncep_gdas-intel-18.0.2.199/util/sorc/wgrib2.cd/grib2/jasper-1.900.1/src/libjasper/include -I/usr/include   conftest.c >&5
conftest.c: In function 'e':
conftest.c:18: warning: old-style function definition
conftest.c: In function 'main':
conftest.c:53: warning: old-style function definition
configure:3318: $? = 0
configure:3331: result: none needed
configure:3356: checking whether gcc understands -c and -o together
configure:3378: gcc -c conftest.c -o conftest2.o
configure:3381: $? = 0
configure:3378: gcc -c conftest.c -o conftest2.o
configure:3381: $? = 0
configure:3393: result: yes
configure:3410: checking for a sed that does not truncate output
configure:3474: result: /usr/bin/sed
configure:3492: checking for grep that handles long lines and -e
configure:3550: result: /usr/bin/grep
configure:3555: checking for egrep
configure:3617: result: /usr/bin/grep -E
configure:3622: checking for fgrep
configure:3684: result: /usr/bin/grep -F
configure:3719: checking for ld used by gcc
configure:3786: result: /usr/x86_64-suse-linux/bin/ld
configure:3793: checking if the linker (/usr/x86_64-suse-linux/bin/ld) is GNU ld
configure:3808: result: yes
configure:3820: checking for BSD- or MS-compatible name lister (nm)
configure:3874: result: /usr/bin/nm -B
configure:4004: checking the name lister (/usr/bin/nm -B) interface
configure:4011: gcc -c -I/gpfsm/dnb55/jajung/ncep_gdas-intel-18.0.2.199/util/sorc/wgrib2.cd/grib2/include -Wall -Wmissing-prototypes -Wold-style-definition -Werror=format-security --fast-math -O3 -DGFORTRAN -fopenmp -I/gpfsm/dnb55/jajung/ncep_gdas-intel-18.0.2.199/util/sorc/wgrib2.cd/grib2/jasper-1.900.1/src/libjasper/include -I/usr/include   conftest.c >&5
configure:4014: /usr/bin/nm -B "conftest.o"
configure:4017: output
0000000000000000 B some_variable
configure:4024: result: BSD nm
configure:4027: checking whether ln -s works
configure:4031: result: yes
configure:4039: checking the maximum length of command line arguments
configure:4170: result: 3458764513820540925
configure:4218: checking how to convert x86_64-pc-linux-gnu file names to x86_64-pc-linux-gnu format
configure:4258: result: func_convert_file_noop
configure:4265: checking how to convert x86_64-pc-linux-gnu file names to toolchain format
configure:4285: result: func_convert_file_noop
configure:4292: checking for /usr/x86_64-suse-linux/bin/ld option to reload object files
configure:4299: result: -r
configure:4373: checking for objdump
configure:4389: found /usr/bin/objdump
configure:4400: result: objdump
configure:4432: checking how to recognize dependent libraries
configure:4632: result: pass_all
configure:4717: checking for dlltool
configure:4747: result: no
configure:4777: checking how to associate runtime and link libraries
configure:4804: result: printf %s\n
configure:4865: checking for ar
configure:4881: found /usr/bin/ar
configure:4892: result: ar
configure:4929: checking for archiver @FILE support
configure:4946: gcc -c -I/gpfsm/dnb55/jajung/ncep_gdas-intel-18.0.2.199/util/sorc/wgrib2.cd/grib2/include -Wall -Wmissing-prototypes -Wold-style-definition -Werror=format-security --fast-math -O3 -DGFORTRAN -fopenmp -I/gpfsm/dnb55/jajung/ncep_gdas-intel-18.0.2.199/util/sorc/wgrib2.cd/grib2/jasper-1.900.1/src/libjasper/include -I/usr/include   conftest.c >&5
conftest.c: In function 'main':
conftest.c:12: warning: old-style function definition
configure:4946: $? = 0
configure:4949: ar cru libconftest.a @conftest.lst >&5
configure:4952: $? = 0
configure:4957: ar cru libconftest.a @conftest.lst >&5
ar: conftest.o: No such file or directory
configure:4960: $? = 1
configure:4972: result: @
configure:5030: checking for strip
configure:5046: found /usr/bin/strip
configure:5057: result: strip
configure:5129: checking for ranlib
configure:5145: found /usr/bin/ranlib
configure:5156: result: ranlib
configure:5233: checking for gawk
configure:5249: found /usr/bin/gawk
configure:5260: result: gawk
configure:5300: checking command to parse /usr/bin/nm -B output from gcc object
configure:5453: gcc -c -I/gpfsm/dnb55/jajung/ncep_gdas-intel-18.0.2.199/util/sorc/wgrib2.cd/grib2/include -Wall -Wmissing-prototypes -Wold-style-definition -Werror=format-security --fast-math -O3 -DGFORTRAN -fopenmp -I/gpfsm/dnb55/jajung/ncep_gdas-intel-18.0.2.199/util/sorc/wgrib2.cd/grib2/jasper-1.900.1/src/libjasper/include -I/usr/include   conftest.c >&5
conftest.c: In function 'main':
conftest.c:10: warning: old-style function definition
configure:5456: $? = 0
configure:5460: /usr/bin/nm -B conftest.o \| sed -n -e 's/^.*[ ]\([ABCDGIRSTW][ABCDGIRSTW]*\)[ ][ ]*\([_A-Za-z][_A-Za-z0-9]*\)$/\1 \2 \2/p' | sed '/ __gnu_lto/d' \> conftest.nm
configure:5463: $? = 0
configure:5529: gcc -o conftest -I/gpfsm/dnb55/jajung/ncep_gdas-intel-18.0.2.199/util/sorc/wgrib2.cd/grib2/include -Wall -Wmissing-prototypes -Wold-style-definition -Werror=format-security --fast-math -O3 -DGFORTRAN -fopenmp -I/gpfsm/dnb55/jajung/ncep_gdas-intel-18.0.2.199/util/sorc/wgrib2.cd/grib2/jasper-1.900.1/src/libjasper/include -I/usr/include    conftest.c conftstm.o >&5
configure:5532: $? = 0
configure:5570: result: ok
configure:5617: checking for sysroot
configure:5647: result: no
configure:5654: checking for a working dd
configure:5692: result: /bin/dd
configure:5696: checking how to truncate binary pipes
configure:5711: result: /bin/dd bs=4096 count=1
configure:5847: gcc -c -I/gpfsm/dnb55/jajung/ncep_gdas-intel-18.0.2.199/util/sorc/wgrib2.cd/grib2/include -Wall -Wmissing-prototypes -Wold-style-definition -Werror=format-security --fast-math -O3 -DGFORTRAN -fopenmp -I/gpfsm/dnb55/jajung/ncep_gdas-intel-18.0.2.199/util/sorc/wgrib2.cd/grib2/jasper-1.900.1/src/libjasper/include -I/usr/include   conftest.c >&5
configure:5850: $? = 0
configure:6040: checking for mt
configure:6056: found /usr/bin/mt
configure:6067: result: mt
configure:6090: checking if mt is a manifest tool
configure:6096: mt '-?'
mt: invalid option -- ?
configure:6104: result: no
configure:6781: checking how to run the C preprocessor
configure:6812: gcc -E  conftest.c
configure:6812: $? = 0
configure:6826: gcc -E  conftest.c
conftest.c:9:28: error: ac_nonexistent.h: No such file or directory
configure:6826: $? = 1
configure: failed program was:
| /* confdefs.h */
| #define PACKAGE_NAME "libaec"
| #define PACKAGE_TARNAME "libaec"
| #define PACKAGE_VERSION "1.0.2"
| #define PACKAGE_STRING "libaec 1.0.2"
| #define PACKAGE_BUGREPORT "rosenhauer@dkrz.de"
| #define PACKAGE_URL ""
| /* end confdefs.h.  */
| #include <ac_nonexistent.h>
configure:6851: result: gcc -E
configure:6871: gcc -E  conftest.c
configure:6871: $? = 0
configure:6885: gcc -E  conftest.c
conftest.c:9:28: error: ac_nonexistent.h: No such file or directory
configure:6885: $? = 1
configure: failed program was:
| /* confdefs.h */
| #define PACKAGE_NAME "libaec"
| #define PACKAGE_TARNAME "libaec"
| #define PACKAGE_VERSION "1.0.2"
| #define PACKAGE_STRING "libaec 1.0.2"
| #define PACKAGE_BUGREPORT "rosenhauer@dkrz.de"
| #define PACKAGE_URL ""
| /* end confdefs.h.  */
| #include <ac_nonexistent.h>
configure:6914: checking for ANSI C header files
configure:6934: gcc -c -I/gpfsm/dnb55/jajung/ncep_gdas-intel-18.0.2.199/util/sorc/wgrib2.cd/grib2/include -Wall -Wmissing-prototypes -Wold-style-definition -Werror=format-security --fast-math -O3 -DGFORTRAN -fopenmp -I/gpfsm/dnb55/jajung/ncep_gdas-intel-18.0.2.199/util/sorc/wgrib2.cd/grib2/jasper-1.900.1/src/libjasper/include -I/usr/include   conftest.c >&5
conftest.c: In function 'main':
conftest.c:16: warning: old-style function definition
configure:6934: $? = 0
configure:7007: gcc -o conftest -I/gpfsm/dnb55/jajung/ncep_gdas-intel-18.0.2.199/util/sorc/wgrib2.cd/grib2/include -Wall -Wmissing-prototypes -Wold-style-definition -Werror=format-security --fast-math -O3 -DGFORTRAN -fopenmp -I/gpfsm/dnb55/jajung/ncep_gdas-intel-18.0.2.199/util/sorc/wgrib2.cd/grib2/jasper-1.900.1/src/libjasper/include -I/usr/include    conftest.c  >&5
conftest.c: In function 'main':
conftest.c:22: warning: old-style function definition
configure:7007: $? = 0
configure:7007: ./conftest
configure:7007: $? = 0
configure:7018: result: yes
configure:7031: checking for sys/types.h
configure:7031: gcc -c -I/gpfsm/dnb55/jajung/ncep_gdas-intel-18.0.2.199/util/sorc/wgrib2.cd/grib2/include -Wall -Wmissing-prototypes -Wold-style-definition -Werror=format-security --fast-math -O3 -DGFORTRAN -fopenmp -I/gpfsm/dnb55/jajung/ncep_gdas-intel-18.0.2.199/util/sorc/wgrib2.cd/grib2/jasper-1.900.1/src/libjasper/include -I/usr/include   conftest.c >&5
configure:7031: $? = 0
configure:7031: result: yes
configure:7031: checking for sys/stat.h
configure:7031: gcc -c -I/gpfsm/dnb55/jajung/ncep_gdas-intel-18.0.2.199/util/sorc/wgrib2.cd/grib2/include -Wall -Wmissing-prototypes -Wold-style-definition -Werror=format-security --fast-math -O3 -DGFORTRAN -fopenmp -I/gpfsm/dnb55/jajung/ncep_gdas-intel-18.0.2.199/util/sorc/wgrib2.cd/grib2/jasper-1.900.1/src/libjasper/include -I/usr/include   conftest.c >&5
configure:7031: $? = 0
configure:7031: result: yes
configure:7031: checking for stdlib.h
configure:7031: gcc -c -I/gpfsm/dnb55/jajung/ncep_gdas-intel-18.0.2.199/util/sorc/wgrib2.cd/grib2/include -Wall -Wmissing-prototypes -Wold-style-definition -Werror=format-security --fast-math -O3 -DGFORTRAN -fopenmp -I/gpfsm/dnb55/jajung/ncep_gdas-intel-18.0.2.199/util/sorc/wgrib2.cd/grib2/jasper-1.900.1/src/libjasper/include -I/usr/include   conftest.c >&5
configure:7031: $? = 0
configure:7031: result: yes
configure:7031: checking for string.h
configure:7031: gcc -c -I/gpfsm/dnb55/jajung/ncep_gdas-intel-18.0.2.199/util/sorc/wgrib2.cd/grib2/include -Wall -Wmissing-prototypes -Wold-style-definition -Werror=format-security --fast-math -O3 -DGFORTRAN -fopenmp -I/gpfsm/dnb55/jajung/ncep_gdas-intel-18.0.2.199/util/sorc/wgrib2.cd/grib2/jasper-1.900.1/src/libjasper/include -I/usr/include   conftest.c >&5
configure:7031: $? = 0
configure:7031: result: yes
configure:7031: checking for memory.h
configure:7031: gcc -c -I/gpfsm/dnb55/jajung/ncep_gdas-intel-18.0.2.199/util/sorc/wgrib2.cd/grib2/include -Wall -Wmissing-prototypes -Wold-style-definition -Werror=format-security --fast-math -O3 -DGFORTRAN -fopenmp -I/gpfsm/dnb55/jajung/ncep_gdas-intel-18.0.2.199/util/sorc/wgrib2.cd/grib2/jasper-1.900.1/src/libjasper/include -I/usr/include   conftest.c >&5
configure:7031: $? = 0
configure:7031: result: yes
configure:7031: checking for strings.h
configure:7031: gcc -c -I/gpfsm/dnb55/jajung/ncep_gdas-intel-18.0.2.199/util/sorc/wgrib2.cd/grib2/include -Wall -Wmissing-prototypes -Wold-style-definition -Werror=format-security --fast-math -O3 -DGFORTRAN -fopenmp -I/gpfsm/dnb55/jajung/ncep_gdas-intel-18.0.2.199/util/sorc/wgrib2.cd/grib2/jasper-1.900.1/src/libjasper/include -I/usr/include   conftest.c >&5
configure:7031: $? = 0
configure:7031: result: yes
configure:7031: checking for inttypes.h
configure:7031: gcc -c -I/gpfsm/dnb55/jajung/ncep_gdas-intel-18.0.2.199/util/sorc/wgrib2.cd/grib2/include -Wall -Wmissing-prototypes -Wold-style-definition -Werror=format-security --fast-math -O3 -DGFORTRAN -fopenmp -I/gpfsm/dnb55/jajung/ncep_gdas-intel-18.0.2.199/util/sorc/wgrib2.cd/grib2/jasper-1.900.1/src/libjasper/include -I/usr/include   conftest.c >&5
configure:7031: $? = 0
configure:7031: result: yes
configure:7031: checking for stdint.h
configure:7031: gcc -c -I/gpfsm/dnb55/jajung/ncep_gdas-intel-18.0.2.199/util/sorc/wgrib2.cd/grib2/include -Wall -Wmissing-prototypes -Wold-style-definition -Werror=format-security --fast-math -O3 -DGFORTRAN -fopenmp -I/gpfsm/dnb55/jajung/ncep_gdas-intel-18.0.2.199/util/sorc/wgrib2.cd/grib2/jasper-1.900.1/src/libjasper/include -I/usr/include   conftest.c >&5
configure:7031: $? = 0
configure:7031: result: yes
configure:7031: checking for unistd.h
configure:7031: gcc -c -I/gpfsm/dnb55/jajung/ncep_gdas-intel-18.0.2.199/util/sorc/wgrib2.cd/grib2/include -Wall -Wmissing-prototypes -Wold-style-definition -Werror=format-security --fast-math -O3 -DGFORTRAN -fopenmp -I/gpfsm/dnb55/jajung/ncep_gdas-intel-18.0.2.199/util/sorc/wgrib2.cd/grib2/jasper-1.900.1/src/libjasper/include -I/usr/include   conftest.c >&5
configure:7031: $? = 0
configure:7031: result: yes
configure:7045: checking for dlfcn.h
configure:7045: gcc -c -I/gpfsm/dnb55/jajung/ncep_gdas-intel-18.0.2.199/util/sorc/wgrib2.cd/grib2/include -Wall -Wmissing-prototypes -Wold-style-definition -Werror=format-security --fast-math -O3 -DGFORTRAN -fopenmp -I/gpfsm/dnb55/jajung/ncep_gdas-intel-18.0.2.199/util/sorc/wgrib2.cd/grib2/jasper-1.900.1/src/libjasper/include -I/usr/include   conftest.c >&5
configure:7045: $? = 0
configure:7045: result: yes
configure:7301: checking for objdir
configure:7316: result: .libs
configure:7580: checking if gcc supports -fno-rtti -fno-exceptions
configure:7598: gcc -c -I/gpfsm/dnb55/jajung/ncep_gdas-intel-18.0.2.199/util/sorc/wgrib2.cd/grib2/include -Wall -Wmissing-prototypes -Wold-style-definition -Werror=format-security --fast-math -O3 -DGFORTRAN -fopenmp -I/gpfsm/dnb55/jajung/ncep_gdas-intel-18.0.2.199/util/sorc/wgrib2.cd/grib2/jasper-1.900.1/src/libjasper/include -I/usr/include   -fno-rtti -fno-exceptions conftest.c >&5
cc1: warning: command line option "-fno-rtti" is valid for C++/ObjC++ but not for C
configure:7602: $? = 0
configure:7615: result: no
configure:7973: checking for gcc option to produce PIC
configure:7980: result: -fPIC -DPIC
configure:7988: checking if gcc PIC flag -fPIC -DPIC works
configure:8006: gcc -c -I/gpfsm/dnb55/jajung/ncep_gdas-intel-18.0.2.199/util/sorc/wgrib2.cd/grib2/include -Wall -Wmissing-prototypes -Wold-style-definition -Werror=format-security --fast-math -O3 -DGFORTRAN -fopenmp -I/gpfsm/dnb55/jajung/ncep_gdas-intel-18.0.2.199/util/sorc/wgrib2.cd/grib2/jasper-1.900.1/src/libjasper/include -I/usr/include   -fPIC -DPIC -DPIC conftest.c >&5
configure:8010: $? = 0
configure:8023: result: yes
configure:8052: checking if gcc static flag -static works
conftest.c: In function 'main':
conftest.c:1: warning: old-style function definition
configure:8080: result: yes
configure:8095: checking if gcc supports -c -o file.o
configure:8116: gcc -c -I/gpfsm/dnb55/jajung/ncep_gdas-intel-18.0.2.199/util/sorc/wgrib2.cd/grib2/include -Wall -Wmissing-prototypes -Wold-style-definition -Werror=format-security --fast-math -O3 -DGFORTRAN -fopenmp -I/gpfsm/dnb55/jajung/ncep_gdas-intel-18.0.2.199/util/sorc/wgrib2.cd/grib2/jasper-1.900.1/src/libjasper/include -I/usr/include   -o out/conftest2.o conftest.c >&5
configure:8120: $? = 0
configure:8142: result: yes
configure:8150: checking if gcc supports -c -o file.o
configure:8197: result: yes
configure:8230: checking whether the gcc linker (/usr/x86_64-suse-linux/bin/ld -m elf_x86_64) supports shared libraries
configure:9489: result: yes
configure:9729: checking dynamic linker characteristics
configure:10310: gcc -o conftest -I/gpfsm/dnb55/jajung/ncep_gdas-intel-18.0.2.199/util/sorc/wgrib2.cd/grib2/include -Wall -Wmissing-prototypes -Wold-style-definition -Werror=format-security --fast-math -O3 -DGFORTRAN -fopenmp -I/gpfsm/dnb55/jajung/ncep_gdas-intel-18.0.2.199/util/sorc/wgrib2.cd/grib2/jasper-1.900.1/src/libjasper/include -I/usr/include    -Wl,-rpath -Wl,/foo conftest.c  >&5
conftest.c: In function 'main':
conftest.c:24: warning: old-style function definition
configure:10310: $? = 0
configure:10550: result: GNU/Linux ld.so
configure:10672: checking how to hardcode library paths into programs
configure:10697: result: immediate
configure:11245: checking whether stripping libraries is possible
configure:11250: result: yes
configure:11285: checking if libtool supports shared libraries
configure:11287: result: yes
configure:11290: checking whether to build shared libraries
configure:11315: result: no
configure:11318: checking whether to build static libraries
configure:11322: result: yes
configure:11376: checking for a BSD-compatible install
configure:11444: result: /usr/bin/install -c
configure:11455: checking whether build environment is sane
configure:11510: result: yes
configure:11545: WARNING: 'missing' script is too old or missing
configure:11658: checking for a thread-safe mkdir -p
configure:11697: result: /bin/mkdir -p
configure:11700: checking whether make sets $(MAKE)
configure:11722: result: yes
configure:11752: checking for style of include used by make
configure:11780: result: GNU
configure:11814: checking whether make supports nested variables
configure:11831: result: yes
configure:11916: checking dependency style of gcc
configure:12027: result: gcc3
configure:12086: checking whether to enable maintainer-specific portions of Makefiles
configure:12095: result: yes
configure:12109: checking for gcc option to accept ISO C99
configure:12258: gcc  -c -I/gpfsm/dnb55/jajung/ncep_gdas-intel-18.0.2.199/util/sorc/wgrib2.cd/grib2/include -Wall -Wmissing-prototypes -Wold-style-definition -Werror=format-security --fast-math -O3 -DGFORTRAN -fopenmp -I/gpfsm/dnb55/jajung/ncep_gdas-intel-18.0.2.199/util/sorc/wgrib2.cd/grib2/jasper-1.900.1/src/libjasper/include -I/usr/include   conftest.c >&5
conftest.c:73: error: expected ';', ',' or ')' before 'text'
conftest.c: In function 'main':
conftest.c:119: warning: old-style function definition
conftest.c:125: warning: implicit declaration of function 'test_restrict'
conftest.c:127: error: expected '=', ',', ';', 'asm' or '__attribute__' before 'newvar'
conftest.c:127: error: 'newvar' undeclared (first use in this function)
conftest.c:127: error: (Each undeclared identifier is reported only once
conftest.c:127: error: for each function it appears in.)
conftest.c:137: error: 'for' loop initial declaration used outside C99 mode
configure:12258: $? = 1
configure: failed program was:
| /* confdefs.h */
| #define PACKAGE_NAME "libaec"
| #define PACKAGE_TARNAME "libaec"
| #define PACKAGE_VERSION "1.0.2"
| #define PACKAGE_STRING "libaec 1.0.2"
| #define PACKAGE_BUGREPORT "rosenhauer@dkrz.de"
| #define PACKAGE_URL ""
| #define STDC_HEADERS 1
| #define HAVE_SYS_TYPES_H 1
| #define HAVE_SYS_STAT_H 1
| #define HAVE_STDLIB_H 1
| #define HAVE_STRING_H 1
| #define HAVE_MEMORY_H 1
| #define HAVE_STRINGS_H 1
| #define HAVE_INTTYPES_H 1
| #define HAVE_STDINT_H 1
| #define HAVE_UNISTD_H 1
| #define HAVE_DLFCN_H 1
| #define LT_OBJDIR ".libs/"
| #define PACKAGE "libaec"
| #define VERSION "1.0.2"
| /* end confdefs.h.  */
| #include <stdarg.h>
| #include <stdbool.h>
| #include <stdlib.h>
| #include <wchar.h>
| #include <stdio.h>
| 
| // Check varargs macros.  These examples are taken from C99 6.10.3.5.
| #define debug(...) fprintf (stderr, __VA_ARGS__)
| #define showlist(...) puts (#__VA_ARGS__)
| #define report(test,...) ((test) ? puts (#test) : printf (__VA_ARGS__))
| static void
| test_varargs_macros (void)
| {
|   int x = 1234;
|   int y = 5678;
|   debug ("Flag");
|   debug ("X = %d\n", x);
|   showlist (The first, second, and third items.);
|   report (x>y, "x is %d but y is %d", x, y);
| }
| 
| // Check long long types.
| #define BIG64 18446744073709551615ull
| #define BIG32 4294967295ul
| #define BIG_OK (BIG64 / BIG32 == 4294967297ull && BIG64 % BIG32 == 0)
| #if !BIG_OK
|   your preprocessor is broken;
| #endif
| #if BIG_OK
| #else
|   your preprocessor is broken;
| #endif
| static long long int bignum = -9223372036854775807LL;
| static unsigned long long int ubignum = BIG64;
| 
| struct incomplete_array
| {
|   int datasize;
|   double data[];
| };
| 
| struct named_init {
|   int number;
|   const wchar_t *name;
|   double average;
| };
| 
| typedef const char *ccp;
| 
| static inline int
| test_restrict (ccp restrict text)
| {
|   // See if C++-style comments work.
|   // Iterate through items via the restricted pointer.
|   // Also check for declarations in for loops.
|   for (unsigned int i = 0; *(text+i) != '\0'; ++i)
|     continue;
|   return 0;
| }
| 
| // Check varargs and va_copy.
| static void
| test_varargs (const char *format, ...)
| {
|   va_list args;
|   va_start (args, format);
|   va_list args_copy;
|   va_copy (args_copy, args);
| 
|   const char *str;
|   int number;
|   float fnumber;
| 
|   while (*format)
|     {
|       switch (*format++)
| 	{
| 	case 's': // string
| 	  str = va_arg (args_copy, const char *);
| 	  break;
| 	case 'd': // int
| 	  number = va_arg (args_copy, int);
| 	  break;
| 	case 'f': // float
| 	  fnumber = va_arg (args_copy, double);
| 	  break;
| 	default:
| 	  break;
| 	}
|     }
|   va_end (args_copy);
|   va_end (args);
| }
| 
| int
| main ()
| {
| 
|   // Check bool.
|   _Bool success = false;
| 
|   // Check restrict.
|   if (test_restrict ("String literal") == 0)
|     success = true;
|   char *restrict newvar = "Another string";
| 
|   // Check varargs.
|   test_varargs ("s, d' f .", "string", 65, 34.234);
|   test_varargs_macros ();
| 
|   // Check flexible array members.
|   struct incomplete_array *ia =
|     malloc (sizeof (struct incomplete_array) + (sizeof (double) * 10));
|   ia->datasize = 10;
|   for (int i = 0; i < ia->datasize; ++i)
|     ia->data[i] = i * 1.234;
| 
|   // Check named initializers.
|   struct named_init ni = {
|     .number = 34,
|     .name = L"Test wide string",
|     .average = 543.34343,
|   };
| 
|   ni.number = 58;
| 
|   int dynamic_array[ni.number];
|   dynamic_array[ni.number - 1] = 543;
| 
|   // work around unused variable warnings
|   return (!success || bignum == 0LL || ubignum == 0uLL || newvar[0] == 'x'
| 	  || dynamic_array[ni.number - 1] != 543);
| 
|   ;
|   return 0;
| }
configure:12258: gcc -std=gnu99 -c -I/gpfsm/dnb55/jajung/ncep_gdas-intel-18.0.2.199/util/sorc/wgrib2.cd/grib2/include -Wall -Wmissing-prototypes -Wold-style-definition -Werror=format-security --fast-math -O3 -DGFORTRAN -fopenmp -I/gpfsm/dnb55/jajung/ncep_gdas-intel-18.0.2.199/util/sorc/wgrib2.cd/grib2/jasper-1.900.1/src/libjasper/include -I/usr/include   conftest.c >&5
conftest.c: In function 'main':
conftest.c:119: warning: old-style function definition
configure:12258: $? = 0
configure:12278: result: -std=gnu99
configure:12287: checking for ANSI C header files
configure:12391: result: yes
configure:12400: checking whether byte ordering is bigendian
configure:12415: gcc -std=gnu99 -c -I/gpfsm/dnb55/jajung/ncep_gdas-intel-18.0.2.199/util/sorc/wgrib2.cd/grib2/include -Wall -Wmissing-prototypes -Wold-style-definition -Werror=format-security --fast-math -O3 -DGFORTRAN -fopenmp -I/gpfsm/dnb55/jajung/ncep_gdas-intel-18.0.2.199/util/sorc/wgrib2.cd/grib2/jasper-1.900.1/src/libjasper/include -I/usr/include   conftest.c >&5
conftest.c:25: error: expected '=', ',', ';', 'asm' or '__attribute__' before 'a'
configure:12415: $? = 1
configure: failed program was:
| /* confdefs.h */
| #define PACKAGE_NAME "libaec"
| #define PACKAGE_TARNAME "libaec"
| #define PACKAGE_VERSION "1.0.2"
| #define PACKAGE_STRING "libaec 1.0.2"
| #define PACKAGE_BUGREPORT "rosenhauer@dkrz.de"
| #define PACKAGE_URL ""
| #define STDC_HEADERS 1
| #define HAVE_SYS_TYPES_H 1
| #define HAVE_SYS_STAT_H 1
| #define HAVE_STDLIB_H 1
| #define HAVE_STRING_H 1
| #define HAVE_MEMORY_H 1
| #define HAVE_STRINGS_H 1
| #define HAVE_INTTYPES_H 1
| #define HAVE_STDINT_H 1
| #define HAVE_UNISTD_H 1
| #define HAVE_DLFCN_H 1
| #define LT_OBJDIR ".libs/"
| #define PACKAGE "libaec"
| #define VERSION "1.0.2"
| #define STDC_HEADERS 1
| /* end confdefs.h.  */
| #ifndef __APPLE_CC__
| 	       not a universal capable compiler
| 	     #endif
| 	     typedef int dummy;
| 
configure:12460: gcc -std=gnu99 -c -I/gpfsm/dnb55/jajung/ncep_gdas-intel-18.0.2.199/util/sorc/wgrib2.cd/grib2/include -Wall -Wmissing-prototypes -Wold-style-definition -Werror=format-security --fast-math -O3 -DGFORTRAN -fopenmp -I/gpfsm/dnb55/jajung/ncep_gdas-intel-18.0.2.199/util/sorc/wgrib2.cd/grib2/jasper-1.900.1/src/libjasper/include -I/usr/include   conftest.c >&5
conftest.c: In function 'main':
conftest.c:29: warning: old-style function definition
configure:12460: $? = 0
configure:12478: gcc -std=gnu99 -c -I/gpfsm/dnb55/jajung/ncep_gdas-intel-18.0.2.199/util/sorc/wgrib2.cd/grib2/include -Wall -Wmissing-prototypes -Wold-style-definition -Werror=format-security --fast-math -O3 -DGFORTRAN -fopenmp -I/gpfsm/dnb55/jajung/ncep_gdas-intel-18.0.2.199/util/sorc/wgrib2.cd/grib2/jasper-1.900.1/src/libjasper/include -I/usr/include   conftest.c >&5
conftest.c: In function 'main':
conftest.c:29: warning: old-style function definition
conftest.c:31: error: 'not' undeclared (first use in this function)
conftest.c:31: error: (Each undeclared identifier is reported only once
conftest.c:31: error: for each function it appears in.)
conftest.c:31: error: expected ';' before 'big'
configure:12478: $? = 1
configure: failed program was:
| /* confdefs.h */
| #define PACKAGE_NAME "libaec"
| #define PACKAGE_TARNAME "libaec"
| #define PACKAGE_VERSION "1.0.2"
| #define PACKAGE_STRING "libaec 1.0.2"
| #define PACKAGE_BUGREPORT "rosenhauer@dkrz.de"
| #define PACKAGE_URL ""
| #define STDC_HEADERS 1
| #define HAVE_SYS_TYPES_H 1
| #define HAVE_SYS_STAT_H 1
| #define HAVE_STDLIB_H 1
| #define HAVE_STRING_H 1
| #define HAVE_MEMORY_H 1
| #define HAVE_STRINGS_H 1
| #define HAVE_INTTYPES_H 1
| #define HAVE_STDINT_H 1
| #define HAVE_UNISTD_H 1
| #define HAVE_DLFCN_H 1
| #define LT_OBJDIR ".libs/"
| #define PACKAGE "libaec"
| #define VERSION "1.0.2"
| #define STDC_HEADERS 1
| /* end confdefs.h.  */
| #include <sys/types.h>
| 		#include <sys/param.h>
| 
| int
| main ()
| {
| #if BYTE_ORDER != BIG_ENDIAN
| 		 not big endian
| 		#endif
| 
|   ;
|   return 0;
| }
configure:12606: result: no
configure:12624: checking for inline
configure:12640: gcc -std=gnu99 -c -I/gpfsm/dnb55/jajung/ncep_gdas-intel-18.0.2.199/util/sorc/wgrib2.cd/grib2/include -Wall -Wmissing-prototypes -Wold-style-definition -Werror=format-security --fast-math -O3 -DGFORTRAN -fopenmp -I/gpfsm/dnb55/jajung/ncep_gdas-intel-18.0.2.199/util/sorc/wgrib2.cd/grib2/jasper-1.900.1/src/libjasper/include -I/usr/include   conftest.c >&5
conftest.c: In function 'static_foo':
conftest.c:26: warning: old-style function definition
conftest.c: At top level:
conftest.c:27: warning: no previous prototype for 'foo'
conftest.c: In function 'foo':
conftest.c:27: warning: old-style function definition
configure:12640: $? = 0
configure:12648: result: inline
configure:12666: checking for int64_t
configure:12666: gcc -std=gnu99 -c -I/gpfsm/dnb55/jajung/ncep_gdas-intel-18.0.2.199/util/sorc/wgrib2.cd/grib2/include -Wall -Wmissing-prototypes -Wold-style-definition -Werror=format-security --fast-math -O3 -DGFORTRAN -fopenmp -I/gpfsm/dnb55/jajung/ncep_gdas-intel-18.0.2.199/util/sorc/wgrib2.cd/grib2/jasper-1.900.1/src/libjasper/include -I/usr/include   conftest.c >&5
conftest.c: In function 'main':
conftest.c:60: warning: old-style function definition
configure:12666: $? = 0
configure:12666: gcc -std=gnu99 -c -I/gpfsm/dnb55/jajung/ncep_gdas-intel-18.0.2.199/util/sorc/wgrib2.cd/grib2/include -Wall -Wmissing-prototypes -Wold-style-definition -Werror=format-security --fast-math -O3 -DGFORTRAN -fopenmp -I/gpfsm/dnb55/jajung/ncep_gdas-intel-18.0.2.199/util/sorc/wgrib2.cd/grib2/jasper-1.900.1/src/libjasper/include -I/usr/include   conftest.c >&5
conftest.c: In function 'main':
conftest.c:60: warning: old-style function definition
conftest.c:62: warning: integer overflow in expression
conftest.c:62: error: size of array 'test_array' is negative
configure:12666: $? = 1
configure: failed program was:
| /* confdefs.h */
| #define PACKAGE_NAME "libaec"
| #define PACKAGE_TARNAME "libaec"
| #define PACKAGE_VERSION "1.0.2"
| #define PACKAGE_STRING "libaec 1.0.2"
| #define PACKAGE_BUGREPORT "rosenhauer@dkrz.de"
| #define PACKAGE_URL ""
| #define STDC_HEADERS 1
| #define HAVE_SYS_TYPES_H 1
| #define HAVE_SYS_STAT_H 1
| #define HAVE_STDLIB_H 1
| #define HAVE_STRING_H 1
| #define HAVE_MEMORY_H 1
| #define HAVE_STRINGS_H 1
| #define HAVE_INTTYPES_H 1
| #define HAVE_STDINT_H 1
| #define HAVE_UNISTD_H 1
| #define HAVE_DLFCN_H 1
| #define LT_OBJDIR ".libs/"
| #define PACKAGE "libaec"
| #define VERSION "1.0.2"
| #define STDC_HEADERS 1
| /* end confdefs.h.  */
| #include <stdio.h>
| #ifdef HAVE_SYS_TYPES_H
| # include <sys/types.h>
| #endif
| #ifdef HAVE_SYS_STAT_H
| # include <sys/stat.h>
| #endif
| #ifdef STDC_HEADERS
| # include <stdlib.h>
| # include <stddef.h>
| #else
| # ifdef HAVE_STDLIB_H
| #  include <stdlib.h>
| # endif
| #endif
| #ifdef HAVE_STRING_H
| # if !defined STDC_HEADERS && defined HAVE_MEMORY_H
| #  include <memory.h>
| # endif
| # include <string.h>
| #endif
| #ifdef HAVE_STRINGS_H
| # include <strings.h>
| #endif
| #ifdef HAVE_INTTYPES_H
| # include <inttypes.h>
| #endif
| #ifdef HAVE_STDINT_H
| # include <stdint.h>
| #endif
| #ifdef HAVE_UNISTD_H
| # include <unistd.h>
| #endif
| 	        enum { N = 64 / 2 - 1 };
| int
| main ()
| {
| static int test_array [1 - 2 * !((int64_t) (((((int64_t) 1 << N) << N) - 1) * 2 + 1)
| 		 < (int64_t) (((((int64_t) 1 << N) << N) - 1) * 2 + 2))];
| test_array [0] = 0;
| return test_array [0];
| 
|   ;
|   return 0;
| }
configure:12666: result: yes
configure:12677: checking for size_t
configure:12677: gcc -std=gnu99 -c -I/gpfsm/dnb55/jajung/ncep_gdas-intel-18.0.2.199/util/sorc/wgrib2.cd/grib2/include -Wall -Wmissing-prototypes -Wold-style-definition -Werror=format-security --fast-math -O3 -DGFORTRAN -fopenmp -I/gpfsm/dnb55/jajung/ncep_gdas-intel-18.0.2.199/util/sorc/wgrib2.cd/grib2/jasper-1.900.1/src/libjasper/include -I/usr/include   conftest.c >&5
conftest.c: In function 'main':
conftest.c:59: warning: old-style function definition
configure:12677: $? = 0
configure:12677: gcc -std=gnu99 -c -I/gpfsm/dnb55/jajung/ncep_gdas-intel-18.0.2.199/util/sorc/wgrib2.cd/grib2/include -Wall -Wmissing-prototypes -Wold-style-definition -Werror=format-security --fast-math -O3 -DGFORTRAN -fopenmp -I/gpfsm/dnb55/jajung/ncep_gdas-intel-18.0.2.199/util/sorc/wgrib2.cd/grib2/jasper-1.900.1/src/libjasper/include -I/usr/include   conftest.c >&5
conftest.c: In function 'main':
conftest.c:59: warning: old-style function definition
conftest.c:60: error: expected expression before ')' token
configure:12677: $? = 1
configure: failed program was:
| /* confdefs.h */
| #define PACKAGE_NAME "libaec"
| #define PACKAGE_TARNAME "libaec"
| #define PACKAGE_VERSION "1.0.2"
| #define PACKAGE_STRING "libaec 1.0.2"
| #define PACKAGE_BUGREPORT "rosenhauer@dkrz.de"
| #define PACKAGE_URL ""
| #define STDC_HEADERS 1
| #define HAVE_SYS_TYPES_H 1
| #define HAVE_SYS_STAT_H 1
| #define HAVE_STDLIB_H 1
| #define HAVE_STRING_H 1
| #define HAVE_MEMORY_H 1
| #define HAVE_STRINGS_H 1
| #define HAVE_INTTYPES_H 1
| #define HAVE_STDINT_H 1
| #define HAVE_UNISTD_H 1
| #define HAVE_DLFCN_H 1
| #define LT_OBJDIR ".libs/"
| #define PACKAGE "libaec"
| #define VERSION "1.0.2"
| #define STDC_HEADERS 1
| /* end confdefs.h.  */
| #include <stdio.h>
| #ifdef HAVE_SYS_TYPES_H
| # include <sys/types.h>
| #endif
| #ifdef HAVE_SYS_STAT_H
| # include <sys/stat.h>
| #endif
| #ifdef STDC_HEADERS
| # include <stdlib.h>
| # include <stddef.h>
| #else
| # ifdef HAVE_STDLIB_H
| #  include <stdlib.h>
| # endif
| #endif
| #ifdef HAVE_STRING_H
| # if !defined STDC_HEADERS && defined HAVE_MEMORY_H
| #  include <memory.h>
| # endif
| # include <string.h>
| #endif
| #ifdef HAVE_STRINGS_H
| # include <strings.h>
| #endif
| #ifdef HAVE_INTTYPES_H
| # include <inttypes.h>
| #endif
| #ifdef HAVE_STDINT_H
| # include <stdint.h>
| #endif
| #ifdef HAVE_UNISTD_H
| # include <unistd.h>
| #endif
| int
| main ()
| {
| if (sizeof ((size_t)))
| 	    return 0;
|   ;
|   return 0;
| }
configure:12677: result: yes
configure:12688: checking for uint32_t
configure:12688: gcc -std=gnu99 -c -I/gpfsm/dnb55/jajung/ncep_gdas-intel-18.0.2.199/util/sorc/wgrib2.cd/grib2/include -Wall -Wmissing-prototypes -Wold-style-definition -Werror=format-security --fast-math -O3 -DGFORTRAN -fopenmp -I/gpfsm/dnb55/jajung/ncep_gdas-intel-18.0.2.199/util/sorc/wgrib2.cd/grib2/jasper-1.900.1/src/libjasper/include -I/usr/include   conftest.c >&5
conftest.c: In function 'main':
conftest.c:59: warning: old-style function definition
configure:12688: $? = 0
configure:12688: result: yes
configure:12702: checking for uint64_t
configure:12702: gcc -std=gnu99 -c -I/gpfsm/dnb55/jajung/ncep_gdas-intel-18.0.2.199/util/sorc/wgrib2.cd/grib2/include -Wall -Wmissing-prototypes -Wold-style-definition -Werror=format-security --fast-math -O3 -DGFORTRAN -fopenmp -I/gpfsm/dnb55/jajung/ncep_gdas-intel-18.0.2.199/util/sorc/wgrib2.cd/grib2/jasper-1.900.1/src/libjasper/include -I/usr/include   conftest.c >&5
conftest.c: In function 'main':
conftest.c:59: warning: old-style function definition
configure:12702: $? = 0
configure:12702: result: yes
configure:12716: checking for uint8_t
configure:12716: gcc -std=gnu99 -c -I/gpfsm/dnb55/jajung/ncep_gdas-intel-18.0.2.199/util/sorc/wgrib2.cd/grib2/include -Wall -Wmissing-prototypes -Wold-style-definition -Werror=format-security --fast-math -O3 -DGFORTRAN -fopenmp -I/gpfsm/dnb55/jajung/ncep_gdas-intel-18.0.2.199/util/sorc/wgrib2.cd/grib2/jasper-1.900.1/src/libjasper/include -I/usr/include   conftest.c >&5
conftest.c: In function 'main':
conftest.c:59: warning: old-style function definition
configure:12716: $? = 0
configure:12716: result: yes
configure:12730: checking for inline
configure:12754: result: inline
configure:12772: checking for C/C++ restrict keyword
configure:12797: gcc -std=gnu99 -c -I/gpfsm/dnb55/jajung/ncep_gdas-intel-18.0.2.199/util/sorc/wgrib2.cd/grib2/include -Wall -Wmissing-prototypes -Wold-style-definition -Werror=format-security --fast-math -O3 -DGFORTRAN -fopenmp -I/gpfsm/dnb55/jajung/ncep_gdas-intel-18.0.2.199/util/sorc/wgrib2.cd/grib2/jasper-1.900.1/src/libjasper/include -I/usr/include   conftest.c >&5
conftest.c:25: warning: no previous prototype for 'foo'
conftest.c: In function 'main':
conftest.c:30: warning: old-style function definition
configure:12797: $? = 0
configure:12805: result: __restrict
configure:12822: checking for memset
configure:12822: gcc -std=gnu99 -o conftest -I/gpfsm/dnb55/jajung/ncep_gdas-intel-18.0.2.199/util/sorc/wgrib2.cd/grib2/include -Wall -Wmissing-prototypes -Wold-style-definition -Werror=format-security --fast-math -O3 -DGFORTRAN -fopenmp -I/gpfsm/dnb55/jajung/ncep_gdas-intel-18.0.2.199/util/sorc/wgrib2.cd/grib2/jasper-1.900.1/src/libjasper/include -I/usr/include    conftest.c  >&5
conftest.c:48: warning: conflicting types for built-in function 'memset'
conftest.c: In function 'main':
conftest.c:58: warning: old-style function definition
configure:12822: $? = 0
configure:12822: result: yes
configure:12822: checking for strstr
configure:12822: gcc -std=gnu99 -o conftest -I/gpfsm/dnb55/jajung/ncep_gdas-intel-18.0.2.199/util/sorc/wgrib2.cd/grib2/include -Wall -Wmissing-prototypes -Wold-style-definition -Werror=format-security --fast-math -O3 -DGFORTRAN -fopenmp -I/gpfsm/dnb55/jajung/ncep_gdas-intel-18.0.2.199/util/sorc/wgrib2.cd/grib2/jasper-1.900.1/src/libjasper/include -I/usr/include    conftest.c  >&5
conftest.c:49: warning: conflicting types for built-in function 'strstr'
conftest.c: In function 'main':
conftest.c:59: warning: old-style function definition
configure:12822: $? = 0
configure:12822: result: yes
configure:12822: checking for snprintf
configure:12822: gcc -std=gnu99 -o conftest -I/gpfsm/dnb55/jajung/ncep_gdas-intel-18.0.2.199/util/sorc/wgrib2.cd/grib2/include -Wall -Wmissing-prototypes -Wold-style-definition -Werror=format-security --fast-math -O3 -DGFORTRAN -fopenmp -I/gpfsm/dnb55/jajung/ncep_gdas-intel-18.0.2.199/util/sorc/wgrib2.cd/grib2/jasper-1.900.1/src/libjasper/include -I/usr/include    conftest.c  >&5
conftest.c:50: warning: conflicting types for built-in function 'snprintf'
conftest.c: In function 'main':
conftest.c:60: warning: old-style function definition
configure:12822: $? = 0
configure:12822: result: yes
configure:12831: checking whether __builtin_clzll is declared
configure:12831: gcc -std=gnu99 -c -I/gpfsm/dnb55/jajung/ncep_gdas-intel-18.0.2.199/util/sorc/wgrib2.cd/grib2/include -Wall -Wmissing-prototypes -Wold-style-definition -Werror=format-security --fast-math -O3 -DGFORTRAN -fopenmp -I/gpfsm/dnb55/jajung/ncep_gdas-intel-18.0.2.199/util/sorc/wgrib2.cd/grib2/jasper-1.900.1/src/libjasper/include -I/usr/include   conftest.c >&5
conftest.c: In function 'main':
conftest.c:63: warning: old-style function definition
configure:12831: $? = 0
configure:12831: result: yes
configure:12956: checking that generated files are newer than configure
configure:12962: result: done
configure:12990: creating ./config.status

## ---------------------- ##
## Running config.status. ##
## ---------------------- ##

This file was extended by libaec config.status 1.0.2, which was
generated by GNU Autoconf 2.69.  Invocation command line was

  CONFIG_FILES    = 
  CONFIG_HEADERS  = 
  CONFIG_LINKS    = 
  CONFIG_COMMANDS = 
  $ ./config.status 

on discover15

config.status:1096: creating Makefile
config.status:1096: creating src/Makefile
config.status:1096: creating tests/Makefile
config.status:1096: creating config/config.h
config.status:1325: executing libtool commands
config.status:1325: executing depfiles commands

## ---------------- ##
## Cache variables. ##
## ---------------- ##

ac_cv_build=x86_64-pc-linux-gnu
ac_cv_c_bigendian=no
ac_cv_c_compiler_gnu=yes
ac_cv_c_inline=inline
ac_cv_c_int64_t=yes
ac_cv_c_restrict=__restrict
ac_cv_c_uint32_t=yes
ac_cv_c_uint64_t=yes
ac_cv_c_uint8_t=yes
ac_cv_env_CC_set=set
ac_cv_env_CC_value=gcc
ac_cv_env_CFLAGS_set=set
ac_cv_env_CFLAGS_value='-I/gpfsm/dnb55/jajung/ncep_gdas-intel-18.0.2.199/util/sorc/wgrib2.cd/grib2/include -Wall -Wmissing-prototypes -Wold-style-definition -Werror=format-security --fast-math -O3 -DGFORTRAN -fopenmp -I/gpfsm/dnb55/jajung/ncep_gdas-intel-18.0.2.199/util/sorc/wgrib2.cd/grib2/jasper-1.900.1/src/libjasper/include -I/usr/include '
ac_cv_env_CPPFLAGS_set=
ac_cv_env_CPPFLAGS_value=
ac_cv_env_CPP_set=
ac_cv_env_CPP_value=
ac_cv_env_LDFLAGS_set=
ac_cv_env_LDFLAGS_value=
ac_cv_env_LIBS_set=
ac_cv_env_LIBS_value=
ac_cv_env_LT_SYS_LIBRARY_PATH_set=
ac_cv_env_LT_SYS_LIBRARY_PATH_value=
ac_cv_env_build_alias_set=
ac_cv_env_build_alias_value=
ac_cv_env_host_alias_set=
ac_cv_env_host_alias_value=
ac_cv_env_target_alias_set=
ac_cv_env_target_alias_value=
ac_cv_func_memset=yes
ac_cv_func_snprintf=yes
ac_cv_func_strstr=yes
ac_cv_have_decl___builtin_clzll=yes
ac_cv_header_dlfcn_h=yes
ac_cv_header_inttypes_h=yes
ac_cv_header_memory_h=yes
ac_cv_header_stdc=yes
ac_cv_header_stdint_h=yes
ac_cv_header_stdlib_h=yes
ac_cv_header_string_h=yes
ac_cv_header_strings_h=yes
ac_cv_header_sys_stat_h=yes
ac_cv_header_sys_types_h=yes
ac_cv_header_unistd_h=yes
ac_cv_host=x86_64-pc-linux-gnu
ac_cv_objext=o
ac_cv_path_EGREP='/usr/bin/grep -E'
ac_cv_path_FGREP='/usr/bin/grep -F'
ac_cv_path_GREP=/usr/bin/grep
ac_cv_path_SED=/usr/bin/sed
ac_cv_path_install='/usr/bin/install -c'
ac_cv_path_lt_DD=/bin/dd
ac_cv_path_mkdir=/bin/mkdir
ac_cv_prog_AWK=gawk
ac_cv_prog_CPP='gcc -E'
ac_cv_prog_ac_ct_AR=ar
ac_cv_prog_ac_ct_CC=gcc
ac_cv_prog_ac_ct_MANIFEST_TOOL=mt
ac_cv_prog_ac_ct_OBJDUMP=objdump
ac_cv_prog_ac_ct_RANLIB=ranlib
ac_cv_prog_ac_ct_STRIP=strip
ac_cv_prog_cc_c89=
ac_cv_prog_cc_c99=-std=gnu99
ac_cv_prog_cc_g=yes
ac_cv_prog_make_make_set=yes
ac_cv_type_size_t=yes
am_cv_CC_dependencies_compiler_type=gcc3
am_cv_make_support_nested_variables=yes
am_cv_prog_cc_c_o=yes
lt_cv_ar_at_file=@
lt_cv_deplibs_check_method=pass_all
lt_cv_file_magic_cmd='$MAGIC_CMD'
lt_cv_file_magic_test_file=
lt_cv_ld_reload_flag=-r
lt_cv_nm_interface='BSD nm'
lt_cv_objdir=.libs
lt_cv_path_LD=/usr/x86_64-suse-linux/bin/ld
lt_cv_path_NM='/usr/bin/nm -B'
lt_cv_path_mainfest_tool=no
lt_cv_prog_compiler_c_o=yes
lt_cv_prog_compiler_pic='-fPIC -DPIC'
lt_cv_prog_compiler_pic_works=yes
lt_cv_prog_compiler_rtti_exceptions=no
lt_cv_prog_compiler_static_works=yes
lt_cv_prog_gnu_ld=yes
lt_cv_sharedlib_from_linklib_cmd='printf %s\n'
lt_cv_shlibpath_overrides_runpath=yes
lt_cv_sys_global_symbol_pipe='sed -n -e '\''s/^.*[	 ]\([ABCDGIRSTW][ABCDGIRSTW]*\)[	 ][	 ]*\([_A-Za-z][_A-Za-z0-9]*\)$/\1 \2 \2/p'\'' | sed '\''/ __gnu_lto/d'\'''
lt_cv_sys_global_symbol_to_c_name_address='sed -n -e '\''s/^: \(.*\) .*$/  {"\1", (void *) 0},/p'\'' -e '\''s/^[ABCDGIRSTW][ABCDGIRSTW]* .* \(.*\)$/  {"\1", (void *) \&\1},/p'\'''
lt_cv_sys_global_symbol_to_c_name_address_lib_prefix='sed -n -e '\''s/^: \(.*\) .*$/  {"\1", (void *) 0},/p'\'' -e '\''s/^[ABCDGIRSTW][ABCDGIRSTW]* .* \(lib.*\)$/  {"\1", (void *) \&\1},/p'\'' -e '\''s/^[ABCDGIRSTW][ABCDGIRSTW]* .* \(.*\)$/  {"lib\1", (void *) \&\1},/p'\'''
lt_cv_sys_global_symbol_to_cdecl='sed -n -e '\''s/^T .* \(.*\)$/extern int \1();/p'\'' -e '\''s/^[ABCDGIRSTW][ABCDGIRSTW]* .* \(.*\)$/extern char \1;/p'\'''
lt_cv_sys_global_symbol_to_import=
lt_cv_sys_max_cmd_len=3458764513820540925
lt_cv_to_host_file_cmd=func_convert_file_noop
lt_cv_to_tool_file_cmd=func_convert_file_noop
lt_cv_truncate_bin='/bin/dd bs=4096 count=1'

## ----------------- ##
## Output variables. ##
## ----------------- ##

ACLOCAL='aclocal-1.15'
AMDEPBACKSLASH='\'
AMDEP_FALSE='#'
AMDEP_TRUE=''
AMTAR='$${TAR-tar}'
AM_BACKSLASH='\'
AM_DEFAULT_V='$(AM_DEFAULT_VERBOSITY)'
AM_DEFAULT_VERBOSITY='1'
AM_V='$(V)'
AR='ar'
AUTOCONF='autoconf'
AUTOHEADER='autoheader'
AUTOMAKE='automake-1.15'
AWK='gawk'
CC='gcc -std=gnu99'
CCDEPMODE='depmode=gcc3'
CFLAGS='-I/gpfsm/dnb55/jajung/ncep_gdas-intel-18.0.2.199/util/sorc/wgrib2.cd/grib2/include -Wall -Wmissing-prototypes -Wold-style-definition -Werror=format-security --fast-math -O3 -DGFORTRAN -fopenmp -I/gpfsm/dnb55/jajung/ncep_gdas-intel-18.0.2.199/util/sorc/wgrib2.cd/grib2/jasper-1.900.1/src/libjasper/include -I/usr/include '
CPP='gcc -E'
CPPFLAGS=''
CYGPATH_W='echo'
DEFS='-DHAVE_CONFIG_H'
DEPDIR='.deps'
DLLTOOL='false'
DSYMUTIL=''
DUMPBIN=''
ECHO_C=''
ECHO_N='-n'
ECHO_T=''
EGREP='/usr/bin/grep -E'
EXEEXT=''
FGREP='/usr/bin/grep -F'
GREP='/usr/bin/grep'
INSTALL_DATA='${INSTALL} -m 644'
INSTALL_PROGRAM='${INSTALL}'
INSTALL_SCRIPT='${INSTALL}'
INSTALL_STRIP_PROGRAM='$(install_sh) -c -s'
LD='/usr/x86_64-suse-linux/bin/ld -m elf_x86_64'
LDFLAGS=''
LIBOBJS=''
LIBS=''
LIBTOOL='$(SHELL) $(top_builddir)/libtool'
LIPO=''
LN_S='ln -s'
LTLIBOBJS=''
LT_SYS_LIBRARY_PATH=''
MAINT=''
MAINTAINER_MODE_FALSE='#'
MAINTAINER_MODE_TRUE=''
MAKEINFO='makeinfo'
MANIFEST_TOOL=':'
MKDIR_P='/bin/mkdir -p'
NM='/usr/bin/nm -B'
NMEDIT=''
OBJDUMP='objdump'
OBJEXT='o'
OTOOL64=''
OTOOL=''
PACKAGE='libaec'
PACKAGE_BUGREPORT='rosenhauer@dkrz.de'
PACKAGE_NAME='libaec'
PACKAGE_STRING='libaec 1.0.2'
PACKAGE_TARNAME='libaec'
PACKAGE_URL=''
PACKAGE_VERSION='1.0.2'
PATH_SEPARATOR=':'
RANLIB='ranlib'
SED='/usr/bin/sed'
SET_MAKE=''
SHELL='/bin/sh'
STRIP='strip'
VERSION='1.0.2'
ac_ct_AR='ar'
ac_ct_CC='gcc'
ac_ct_DUMPBIN=''
am__EXEEXT_FALSE=''
am__EXEEXT_TRUE='#'
am__fastdepCC_FALSE='#'
am__fastdepCC_TRUE=''
am__include='include'
am__isrc=''
am__leading_dot='.'
am__nodep='_no'
am__quote=''
am__tar='$${TAR-tar} chof - "$$tardir"'
am__untar='$${TAR-tar} xf -'
bindir='${exec_prefix}/bin'
build='x86_64-pc-linux-gnu'
build_alias=''
build_cpu='x86_64'
build_os='linux-gnu'
build_vendor='pc'
datadir='${datarootdir}'
datarootdir='${prefix}/share'
docdir='${datarootdir}/doc/${PACKAGE_TARNAME}'
dvidir='${docdir}'
exec_prefix='${prefix}'
host='x86_64-pc-linux-gnu'
host_alias=''
host_cpu='x86_64'
host_os='linux-gnu'
host_vendor='pc'
htmldir='${docdir}'
includedir='${prefix}/include'
infodir='${datarootdir}/info'
install_sh='${SHELL} /gpfsm/dnb55/jajung/ncep_gdas-intel-18.0.2.199/util/sorc/wgrib2.cd/grib2/libaec-1.0.2/config/install-sh'
libdir='${exec_prefix}/lib'
libexecdir='${exec_prefix}/libexec'
localedir='${datarootdir}/locale'
localstatedir='${prefix}/var'
mandir='${datarootdir}/man'
mkdir_p='$(MKDIR_P)'
oldincludedir='/usr/include'
pdfdir='${docdir}'
prefix='/gpfsm/dnb55/jajung/ncep_gdas-intel-18.0.2.199/util/sorc/wgrib2.cd/grib2'
program_transform_name='s,x,x,'
psdir='${docdir}'
sbindir='${exec_prefix}/sbin'
sharedstatedir='${prefix}/com'
sysconfdir='${prefix}/etc'
target_alias=''

## ----------- ##
## confdefs.h. ##
## ----------- ##

/* confdefs.h */
#define PACKAGE_NAME "libaec"
#define PACKAGE_TARNAME "libaec"
#define PACKAGE_VERSION "1.0.2"
#define PACKAGE_STRING "libaec 1.0.2"
#define PACKAGE_BUGREPORT "rosenhauer@dkrz.de"
#define PACKAGE_URL ""
#define STDC_HEADERS 1
#define HAVE_SYS_TYPES_H 1
#define HAVE_SYS_STAT_H 1
#define HAVE_STDLIB_H 1
#define HAVE_STRING_H 1
#define HAVE_MEMORY_H 1
#define HAVE_STRINGS_H 1
#define HAVE_INTTYPES_H 1
#define HAVE_STDINT_H 1
#define HAVE_UNISTD_H 1
#define HAVE_DLFCN_H 1
#define LT_OBJDIR ".libs/"
#define PACKAGE "libaec"
#define VERSION "1.0.2"
#define STDC_HEADERS 1
#define restrict __restrict
#define HAVE_MEMSET 1
#define HAVE_STRSTR 1
#define HAVE_SNPRINTF 1
#define HAVE_DECL___BUILTIN_CLZLL 1

configure: exit 0
