--------------------
./configure --prefix=/gpfsm/dnb55/jajung/ncep_gdas-intel-18.0.2.199/util/sorc/wgrib2.cd/grib2 --static
Wed Apr 25 09:38:32 EDT 2018
=== ztest4849.c ===
extern int getchar();
int hello() {return getchar();}
===
gcc -c ztest4849.c
... using gcc

Checking for obsessive-compulsive compiler options...
=== ztest4849.c ===
int foo() { return 0; }
===
gcc -c -I/gpfsm/dnb55/jajung/ncep_gdas-intel-18.0.2.199/util/sorc/wgrib2.cd/grib2/include -Wall -Wmissing-prototypes -Wold-style-definition -Werror=format-security --fast-math -O3 -DGFORTRAN -fopenmp -I/gpfsm/dnb55/jajung/ncep_gdas-intel-18.0.2.199/util/sorc/wgrib2.cd/grib2/jasper-1.900.1/src/libjasper/include -I/usr/include ztest4849.c
ztest4849.c:1: warning: no previous prototype for ‘foo’
ztest4849.c: In function ‘foo’:
ztest4849.c:1: warning: old-style function definition

Building static library libz.a version 1.2.11 with gcc.

=== ztest4849.c ===
#include <stdio.h>
#include <stdlib.h>
size_t dummy = 0;
===
gcc -c -I/gpfsm/dnb55/jajung/ncep_gdas-intel-18.0.2.199/util/sorc/wgrib2.cd/grib2/include -Wall -Wmissing-prototypes -Wold-style-definition -Werror=format-security --fast-math -O3 -DGFORTRAN -fopenmp -I/gpfsm/dnb55/jajung/ncep_gdas-intel-18.0.2.199/util/sorc/wgrib2.cd/grib2/jasper-1.900.1/src/libjasper/include -I/usr/include ztest4849.c
Checking for size_t... Yes.


=== ztest4849.c ===
#include <sys/types.h>
off64_t dummy = 0;
===
gcc -c -I/gpfsm/dnb55/jajung/ncep_gdas-intel-18.0.2.199/util/sorc/wgrib2.cd/grib2/include -Wall -Wmissing-prototypes -Wold-style-definition -Werror=format-security --fast-math -O3 -DGFORTRAN -fopenmp -I/gpfsm/dnb55/jajung/ncep_gdas-intel-18.0.2.199/util/sorc/wgrib2.cd/grib2/jasper-1.900.1/src/libjasper/include -I/usr/include -D_LARGEFILE64_SOURCE=1 ztest4849.c
Checking for off64_t... Yes.
Checking for fseeko... Yes.

=== ztest4849.c ===
#include <string.h>
#include <errno.h>
int main() { return strlen(strerror(errno)); }
===
gcc -I/gpfsm/dnb55/jajung/ncep_gdas-intel-18.0.2.199/util/sorc/wgrib2.cd/grib2/include -Wall -Wmissing-prototypes -Wold-style-definition -Werror=format-security --fast-math -O3 -DGFORTRAN -fopenmp -I/gpfsm/dnb55/jajung/ncep_gdas-intel-18.0.2.199/util/sorc/wgrib2.cd/grib2/jasper-1.900.1/src/libjasper/include -I/usr/include -D_LARGEFILE64_SOURCE=1 -o ztest4849 ztest4849.c
ztest4849.c: In function ‘main’:
ztest4849.c:3: warning: old-style function definition
Checking for strerror... Yes.

=== ztest4849.c ===
#include <unistd.h>
int main() { return 0; }
===
gcc -c -I/gpfsm/dnb55/jajung/ncep_gdas-intel-18.0.2.199/util/sorc/wgrib2.cd/grib2/include -Wall -Wmissing-prototypes -Wold-style-definition -Werror=format-security --fast-math -O3 -DGFORTRAN -fopenmp -I/gpfsm/dnb55/jajung/ncep_gdas-intel-18.0.2.199/util/sorc/wgrib2.cd/grib2/jasper-1.900.1/src/libjasper/include -I/usr/include -D_LARGEFILE64_SOURCE=1 ztest4849.c
ztest4849.c: In function ‘main’:
ztest4849.c:2: warning: old-style function definition
Checking for unistd.h... Yes.

=== ztest4849.c ===
#include <stdarg.h>
int main() { return 0; }
===
gcc -c -I/gpfsm/dnb55/jajung/ncep_gdas-intel-18.0.2.199/util/sorc/wgrib2.cd/grib2/include -Wall -Wmissing-prototypes -Wold-style-definition -Werror=format-security --fast-math -O3 -DGFORTRAN -fopenmp -I/gpfsm/dnb55/jajung/ncep_gdas-intel-18.0.2.199/util/sorc/wgrib2.cd/grib2/jasper-1.900.1/src/libjasper/include -I/usr/include -D_LARGEFILE64_SOURCE=1 ztest4849.c
ztest4849.c: In function ‘main’:
ztest4849.c:2: warning: old-style function definition
Checking for stdarg.h... Yes.

=== ztest4849.c ===
#include <stdio.h>
#include <stdarg.h>
#include "zconf.h"
int main()
{
#ifndef STDC
  choke me
#endif
  return 0;
}
===
gcc -c -I/gpfsm/dnb55/jajung/ncep_gdas-intel-18.0.2.199/util/sorc/wgrib2.cd/grib2/include -Wall -Wmissing-prototypes -Wold-style-definition -Werror=format-security --fast-math -O3 -DGFORTRAN -fopenmp -I/gpfsm/dnb55/jajung/ncep_gdas-intel-18.0.2.199/util/sorc/wgrib2.cd/grib2/jasper-1.900.1/src/libjasper/include -I/usr/include -D_LARGEFILE64_SOURCE=1 ztest4849.c
ztest4849.c: In function ‘main’:
ztest4849.c:5: warning: old-style function definition
Checking whether to use vs[n]printf() or s[n]printf()... using vs[n]printf().

=== ztest4849.c ===
#include <stdio.h>
#include <stdarg.h>
int mytest(const char *fmt, ...)
{
  char buf[20];
  va_list ap;
  va_start(ap, fmt);
  vsnprintf(buf, sizeof(buf), fmt, ap);
  va_end(ap);
  return 0;
}
int main()
{
  return (mytest("Hello%d\n", 1));
}
===
gcc -I/gpfsm/dnb55/jajung/ncep_gdas-intel-18.0.2.199/util/sorc/wgrib2.cd/grib2/include -Wall -Wmissing-prototypes -Wold-style-definition -Werror=format-security --fast-math -O3 -DGFORTRAN -fopenmp -I/gpfsm/dnb55/jajung/ncep_gdas-intel-18.0.2.199/util/sorc/wgrib2.cd/grib2/jasper-1.900.1/src/libjasper/include -I/usr/include -D_LARGEFILE64_SOURCE=1 -o ztest4849 ztest4849.c
ztest4849.c:3: warning: no previous prototype for ‘mytest’
ztest4849.c: In function ‘main’:
ztest4849.c:13: warning: old-style function definition
Checking for vsnprintf() in stdio.h... Yes.

=== ztest4849.c ===
#include <stdio.h>
#include <stdarg.h>
int mytest(const char *fmt, ...)
{
  int n;
  char buf[20];
  va_list ap;
  va_start(ap, fmt);
  n = vsnprintf(buf, sizeof(buf), fmt, ap);
  va_end(ap);
  return n;
}
int main()
{
  return (mytest("Hello%d\n", 1));
}
===
gcc -c -I/gpfsm/dnb55/jajung/ncep_gdas-intel-18.0.2.199/util/sorc/wgrib2.cd/grib2/include -Wall -Wmissing-prototypes -Wold-style-definition -Werror=format-security --fast-math -O3 -DGFORTRAN -fopenmp -I/gpfsm/dnb55/jajung/ncep_gdas-intel-18.0.2.199/util/sorc/wgrib2.cd/grib2/jasper-1.900.1/src/libjasper/include -I/usr/include -D_LARGEFILE64_SOURCE=1 ztest4849.c
ztest4849.c:3: warning: no previous prototype for ‘mytest’
ztest4849.c: In function ‘main’:
ztest4849.c:14: warning: old-style function definition
Checking for return value of vsnprintf()... Yes.

=== ztest4849.c ===
#define ZLIB_INTERNAL __attribute__((visibility ("hidden")))
int ZLIB_INTERNAL foo;
int main()
{
  return 0;
}
===
gcc -c -I/gpfsm/dnb55/jajung/ncep_gdas-intel-18.0.2.199/util/sorc/wgrib2.cd/grib2/include -Wall -Wmissing-prototypes -Wold-style-definition -Werror=format-security --fast-math -O3 -DGFORTRAN -fopenmp -I/gpfsm/dnb55/jajung/ncep_gdas-intel-18.0.2.199/util/sorc/wgrib2.cd/grib2/jasper-1.900.1/src/libjasper/include -I/usr/include -D_LARGEFILE64_SOURCE=1 ztest4849.c
ztest4849.c: In function ‘main’:
ztest4849.c:4: warning: old-style function definitionChecking for attribute(visibility) support... No.

ALL = static all64
AR = ar
ARFLAGS = rc
CC = gcc
CFLAGS = -I/gpfsm/dnb55/jajung/ncep_gdas-intel-18.0.2.199/util/sorc/wgrib2.cd/grib2/include -Wall -Wmissing-prototypes -Wold-style-definition -Werror=format-security --fast-math -O3 -DGFORTRAN -fopenmp -I/gpfsm/dnb55/jajung/ncep_gdas-intel-18.0.2.199/util/sorc/wgrib2.cd/grib2/jasper-1.900.1/src/libjasper/include -I/usr/include -D_LARGEFILE64_SOURCE=1
CPP = gcc -E
EXE =
LDCONFIG = ldconfig
LDFLAGS =
LDSHARED = gcc
LDSHAREDLIBC = -lc
OBJC = $(OBJZ) $(OBJG)
PIC_OBJC = $(PIC_OBJZ) $(PIC_OBJG)
RANLIB = ranlib
SFLAGS = -I/gpfsm/dnb55/jajung/ncep_gdas-intel-18.0.2.199/util/sorc/wgrib2.cd/grib2/include -Wall -Wmissing-prototypes -Wold-style-definition -Werror=format-security --fast-math -O3 -DGFORTRAN -fopenmp -I/gpfsm/dnb55/jajung/ncep_gdas-intel-18.0.2.199/util/sorc/wgrib2.cd/grib2/jasper-1.900.1/src/libjasper/include -I/usr/include -fPIC -D_LARGEFILE64_SOURCE=1
SHAREDLIB =
SHAREDLIBM =
SHAREDLIBV =
STATICLIB = libz.a
TEST = all teststatic test64
VER = 1.2.11
Z_U4 =
SRCDIR =
exec_prefix = ${prefix}
includedir = ${prefix}/include
libdir = ${exec_prefix}/lib
mandir = ${prefix}/share/man
prefix = /gpfsm/dnb55/jajung/ncep_gdas-intel-18.0.2.199/util/sorc/wgrib2.cd/grib2
sharedlibdir = ${libdir}
uname = Linux
--------------------


